Checking data types:
<class 'pandas.core.frame.DataFrame'>
RangeIndex: 63388 entries, 0 to 63387
Data columns (total 17 columns):
 #   Column                    Non-Null Count  Dtype 
---  ------                    --------------  ----- 
 0   Record_Number             63388 non-null  int64 
 1   Region                    63388 non-null  object
 2   RESIDENCE_TYPE            63388 non-null  object
 3   Family_Composition        63388 non-null  object
 4   sex                       63388 non-null  int64 
 5   age                       63388 non-null  int64 
 6   Marital_Status            63388 non-null  int64 
 7   student                   63388 non-null  int64 
 8   Country_Of_Birth          63388 non-null  int64 
 9   health                    63388 non-null  int64 
 10  Ethnic_Group              63388 non-null  int64 
 11  religion                  63388 non-null  int64 
 12  Economic_Activity         63388 non-null  object
 13  Occupation                63388 non-null  object
 14  industry                  63388 non-null  object
 15  Hours_Worked_Per_Week     63388 non-null  object
 16  Approximate_Social_Grade  63388 non-null  object
dtypes: int64(9), object(8)
memory usage: 8.2+ MB
<class 'pandas.core.frame.DataFrame'>
RangeIndex: 63388 entries, 0 to 63387
Data columns (total 17 columns):
 #   Column                    Non-Null Count  Dtype 
---  ------                    --------------  ----- 
 0   Record_Number             63388 non-null  int64 
 1   Region                    63388 non-null  object
 2   RESIDENCE_TYPE            63388 non-null  object
 3   Family_Composition        63388 non-null  object
 4   sex                       63388 non-null  int64 
 5   age                       63388 non-null  int64 
 6   Marital_Status            63388 non-null  int64 
 7   student                   63388 non-null  int64 
 8   Country_Of_Birth          63388 non-null  int64 
 9   health                    63388 non-null  int64 
 10  Ethnic_Group              63388 non-null  int64 
 11  religion                  63388 non-null  int64 
 12  Economic_Activity         63388 non-null  object
 13  Occupation                63388 non-null  object
 14  industry                  63388 non-null  object
 15  Hours_Worked_Per_Week     63388 non-null  object
 16  Approximate_Social_Grade  63388 non-null  object
dtypes: int64(9), object(8)
memory usage: 8.2+ MB
None
No missing values detected.
No duplicate rows detected.
Record_Number is unique.

Unique categories and counts per column:
residence_type: ['C', 'P'] (Total unique: 2)
family_composition: ['5', '0', '3', '1', 'X', '2', '4'] (Total unique: 7)
sex: [1, 2] (Total unique: 2)
age: [1, 2, 3, 4, 5, 6, 7, 8] (Total unique: 8)
marital_status: [1, 2, 3, 4, 5] (Total unique: 5)
student: [1, 2] (Total unique: 2)
country_of_birth: [1, 2] (Total unique: 2)
health: [1, 2, 3, 4, 5] (Total unique: 5)
ethnic_group: [1, 2, 3, 4, 5, 6] (Total unique: 6)
religion: [1, 2, 3, 4, 5, 6, 7, 8, 9] (Total unique: 9)
economic_activity: ['5', '7', '3', '1', '8', '9', 'X', '6', '2', '4'] (Total unique: 10)
occupation: ['5', '7', '3', '1', '8', '9', 'X', '6', '2', '4'] (Total unique: 10)
industry: ['10', '5', '7', '3', '1', '8', '11', '9', 'X', '6', '13', '12', '2', '4'] (Total unique: 14)
hours_worked_per_week: ['3', '1', 'X', '2', '4'] (Total unique: 5)
approximate_social_grade: ['3', '1', 'X', '2', '4'] (Total unique: 5)

Category counts across columns:
P: 62239 occurrences
C: 1149 occurrences
1: 334624 occurrences
0: 11716 occurrences
4: 57763 occurrences
2: 220080 occurrences
5: 36059 occurrences
3: 61076 occurrences
X: 85940 occurrences
6: 19854 occurrences
7: 14501 occurrences
8: 16777 occurrences
9: 15823 occurrences
11: 6817 occurrences
10: 4123 occurrences
12: 1107 occurrences
13: 1172 occurrences

All data ranges validated.
No missing values detected.
No duplicate rows detected.

Unique categories and counts per column:
residence_type: ['C', 'P'] (Total unique: 2)
family_composition: ['5', '0', '3', '1', 'X', '2', '4'] (Total unique: 7)
sex: [1, 2] (Total unique: 2)
age: [1, 2, 3, 4, 5, 6, 7, 8] (Total unique: 8)
marital_status: [1, 2, 3, 4, 5] (Total unique: 5)
student: [1, 2] (Total unique: 2)
country_of_birth: [1, 2] (Total unique: 2)
health: [1, 2, 3, 4, 5] (Total unique: 5)
ethnic_group: [1, 2, 3, 4, 5, 6] (Total unique: 6)
religion: [1, 2, 3, 4, 5, 6, 7, 8, 9] (Total unique: 9)
economic_activity: ['5', '7', '3', '1', '8', '9', 'X', '6', '2', '4'] (Total unique: 10)
occupation: ['5', '7', '3', '1', '8', '9', 'X', '6', '2', '4'] (Total unique: 10)
industry: ['10', '5', '7', '3', '1', '8', '11', '9', 'X', '6', '13', '12', '2', '4'] (Total unique: 14)
hours_worked_per_week: ['3', '1', 'X', '2', '4'] (Total unique: 5)
approximate_social_grade: ['3', '1', 'X', '2', '4'] (Total unique: 5)

Category counts across columns:
P: 124478 occurrences
C: 2298 occurrences
1: 669248 occurrences
0: 23432 occurrences
4: 115526 occurrences
2: 440160 occurrences
5: 72118 occurrences
3: 122152 occurrences
X: 171880 occurrences
6: 39708 occurrences
7: 29002 occurrences
8: 33554 occurrences
9: 31646 occurrences
11: 13634 occurrences
10: 8246 occurrences
12: 2214 occurrences
13: 2344 occurrences

All data ranges validated.
Record_Number is unique.
